This file contains any messages produced by compilers while
running configure, to aid debugging if configure makes a mistake.

It was created by configure, which was
generated by GNU Autoconf 2.61.  Invocation command line was

  $ ./configure 

## --------- ##
## Platform. ##
## --------- ##

hostname = hastur
uname -m = x86_64
uname -r = 2.6.27-gentoo-r8modular
uname -s = Linux
uname -v = #3 SMP PREEMPT Thu Mar 12 11:46:48 EDT 2009

/usr/bin/uname -p = Intel(R) Core(TM)2 CPU U7500 @ 1.06GHz
/bin/uname -X     = unknown

/bin/arch              = unknown
/usr/bin/arch -k       = unknown
/usr/convex/getsysinfo = unknown
/usr/bin/hostinfo      = unknown
/bin/machine           = unknown
/usr/bin/oslevel       = unknown
/bin/universe          = unknown

PATH: /usr/kde/3.5/bin
PATH: /usr/local/bin
PATH: /usr/bin
PATH: /bin
PATH: /opt/bin
PATH: /usr/x86_64-pc-linux-gnu/gcc-bin/4.1.2
PATH: /usr/qt/3/bin


## ----------- ##
## Core tests. ##
## ----------- ##

configure:1770: checking for a BSD-compatible install
configure:1826: result: /usr/bin/install -c
configure:1837: checking whether build environment is sane
configure:1880: result: yes
configure:1908: checking for a thread-safe mkdir -p
configure:1947: result: /bin/mkdir -p
configure:1960: checking for gawk
configure:1976: found /usr/bin/gawk
configure:1987: result: gawk
configure:1998: checking whether make sets $(MAKE)
configure:2019: result: yes
configure:2257: checking for gcc
configure:2273: found /usr/bin/gcc
configure:2284: result: gcc
configure:2522: checking for C compiler version
configure:2529: gcc --version >&5
gcc (GCC) 4.1.2 (Gentoo 4.1.2 p1.1)
Copyright (C) 2006 Free Software Foundation, Inc.
This is free software; see the source for copying conditions.  There is NO
warranty; not even for MERCHANTABILITY or FITNESS FOR A PARTICULAR PURPOSE.

configure:2532: $? = 0
configure:2539: gcc -v >&5
Using built-in specs.
Target: x86_64-pc-linux-gnu
Configured with: /var/tmp/portage/sys-devel/gcc-4.1.2/work/gcc-4.1.2/configure --prefix=/usr --bindir=/usr/x86_64-pc-linux-gnu/gcc-bin/4.1.2 --includedir=/usr/lib/gcc/x86_64-pc-linux-gnu/4.1.2/include --datadir=/usr/share/gcc-data/x86_64-pc-linux-gnu/4.1.2 --mandir=/usr/share/gcc-data/x86_64-pc-linux-gnu/4.1.2/man --infodir=/usr/share/gcc-data/x86_64-pc-linux-gnu/4.1.2/info --with-gxx-include-dir=/usr/lib/gcc/x86_64-pc-linux-gnu/4.1.2/include/g++-v4 --host=x86_64-pc-linux-gnu --build=x86_64-pc-linux-gnu --disable-altivec --enable-nls --without-included-gettext --with-system-zlib --disable-checking --disable-werror --enable-secureplt --enable-multilib --enable-libmudflap --disable-libssp --disable-libgcj --enable-languages=c,c++,treelang,fortran --enable-shared --enable-threads=posix --enable-__cxa_atexit --enable-clocale=gnu
Thread model: posix
gcc version 4.1.2 (Gentoo 4.1.2 p1.1)
configure:2542: $? = 0
configure:2549: gcc -V >&5
gcc: '-V' option must have argument
configure:2552: $? = 1
configure:2575: checking for C compiler default output file name
configure:2602: gcc    conftest.c  >&5
configure:2605: $? = 0
configure:2643: result: a.out
configure:2660: checking whether the C compiler works
configure:2670: ./a.out
configure:2673: $? = 0
configure:2690: result: yes
configure:2697: checking whether we are cross compiling
configure:2699: result: no
configure:2702: checking for suffix of executables
configure:2709: gcc -o conftest    conftest.c  >&5
configure:2712: $? = 0
configure:2736: result: 
configure:2742: checking for suffix of object files
configure:2768: gcc -c   conftest.c >&5
configure:2771: $? = 0
configure:2794: result: o
configure:2798: checking whether we are using the GNU C compiler
configure:2827: gcc -c   conftest.c >&5
configure:2833: $? = 0
configure:2850: result: yes
configure:2855: checking whether gcc accepts -g
configure:2885: gcc -c -g  conftest.c >&5
configure:2891: $? = 0
configure:2990: result: yes
configure:3007: checking for gcc option to accept ISO C89
configure:3081: gcc  -c -g -O2  conftest.c >&5
configure:3087: $? = 0
configure:3110: result: none needed
configure:3139: checking for style of include used by make
configure:3167: result: GNU
configure:3192: checking dependency style of gcc
configure:3283: result: gcc3
configure:3311: checking for a BSD-compatible install
configure:3367: result: /usr/bin/install -c
configure:3382: checking for initscr in -lncurses
configure:3417: gcc -o conftest -g -O2   conftest.c -lncurses   >&5
configure:3423: $? = 0
configure:3441: result: yes
configure:3507: checking for pkg-config
configure:3525: found /usr/bin/pkg-config
configure:3537: result: /usr/bin/pkg-config
configure:3566: checking pkg-config is at least version 0.9.0
configure:3569: result: yes
configure:3580: checking for DEPS
configure:3588: $PKG_CONFIG --exists --print-errors "libxml-2.0"
configure:3591: $? = 0
configure:3606: $PKG_CONFIG --exists --print-errors "libxml-2.0"
configure:3609: $? = 0
configure:3685: result: yes
configure:3698: checking how to run the C preprocessor
configure:3738: gcc -E  conftest.c
configure:3744: $? = 0
configure:3775: gcc -E  conftest.c
conftest.c:11:28: error: ac_nonexistent.h: No such file or directory
configure:3781: $? = 1
configure: failed program was:
| /* confdefs.h.  */
| #define PACKAGE_NAME ""
| #define PACKAGE_TARNAME ""
| #define PACKAGE_VERSION ""
| #define PACKAGE_STRING ""
| #define PACKAGE_BUGREPORT ""
| #define PACKAGE "vtclock"
| #define VERSION "0.0.1"
| #define HAVE_LIBNCURSES 1
| /* end confdefs.h.  */
| #include <ac_nonexistent.h>
configure:3814: result: gcc -E
configure:3843: gcc -E  conftest.c
configure:3849: $? = 0
configure:3880: gcc -E  conftest.c
conftest.c:11:28: error: ac_nonexistent.h: No such file or directory
configure:3886: $? = 1
configure: failed program was:
| /* confdefs.h.  */
| #define PACKAGE_NAME ""
| #define PACKAGE_TARNAME ""
| #define PACKAGE_VERSION ""
| #define PACKAGE_STRING ""
| #define PACKAGE_BUGREPORT ""
| #define PACKAGE "vtclock"
| #define VERSION "0.0.1"
| #define HAVE_LIBNCURSES 1
| /* end confdefs.h.  */
| #include <ac_nonexistent.h>
configure:3924: checking for grep that handles long lines and -e
configure:3998: result: /bin/grep
configure:4003: checking for egrep
configure:4081: result: /bin/grep -E
configure:4086: checking for ANSI C header files
configure:4116: gcc -c -g -O2  conftest.c >&5
configure:4122: $? = 0
configure:4221: gcc -o conftest -g -O2   conftest.c -lncurses  >&5
configure:4224: $? = 0
configure:4230: ./conftest
configure:4233: $? = 0
configure:4250: result: yes
configure:4274: checking for sys/types.h
configure:4295: gcc -c -g -O2  conftest.c >&5
configure:4301: $? = 0
configure:4317: result: yes
configure:4274: checking for sys/stat.h
configure:4295: gcc -c -g -O2  conftest.c >&5
configure:4301: $? = 0
configure:4317: result: yes
configure:4274: checking for stdlib.h
configure:4295: gcc -c -g -O2  conftest.c >&5
configure:4301: $? = 0
configure:4317: result: yes
configure:4274: checking for string.h
configure:4295: gcc -c -g -O2  conftest.c >&5
configure:4301: $? = 0
configure:4317: result: yes
configure:4274: checking for memory.h
configure:4295: gcc -c -g -O2  conftest.c >&5
configure:4301: $? = 0
configure:4317: result: yes
configure:4274: checking for strings.h
configure:4295: gcc -c -g -O2  conftest.c >&5
configure:4301: $? = 0
configure:4317: result: yes
configure:4274: checking for inttypes.h
configure:4295: gcc -c -g -O2  conftest.c >&5
configure:4301: $? = 0
configure:4317: result: yes
configure:4274: checking for stdint.h
configure:4295: gcc -c -g -O2  conftest.c >&5
configure:4301: $? = 0
configure:4317: result: yes
configure:4274: checking for unistd.h
configure:4295: gcc -c -g -O2  conftest.c >&5
configure:4301: $? = 0
configure:4317: result: yes
configure:4344: checking ncurses.h usability
configure:4361: gcc -c -g -O2  conftest.c >&5
configure:4367: $? = 0
configure:4381: result: yes
configure:4385: checking ncurses.h presence
configure:4400: gcc -E  conftest.c
configure:4406: $? = 0
configure:4420: result: yes
configure:4448: checking for ncurses.h
configure:4456: result: yes
configure:4475: checking for an ANSI C-conforming const
configure:4550: gcc -c -g -O2  conftest.c >&5
configure:4556: $? = 0
configure:4571: result: yes
configure:4581: checking for inline
configure:4607: gcc -c -g -O2  conftest.c >&5
configure:4613: $? = 0
configure:4631: result: inline
configure:4650: checking for size_t
configure:4680: gcc -c -g -O2  conftest.c >&5
configure:4686: $? = 0
configure:4701: result: yes
configure:4713: checking whether struct tm is in sys/time.h or time.h
configure:4743: gcc -c -g -O2  conftest.c >&5
configure:4749: $? = 0
configure:4764: result: time.h
configure:4780: checking for strftime
configure:4836: gcc -o conftest -g -O2   conftest.c -lncurses  >&5
conftest.c:45: warning: conflicting types for built-in function 'strftime'
configure:4842: $? = 0
configure:4860: result: yes
configure:4945: checking for memset
configure:5001: gcc -o conftest -g -O2   conftest.c -lncurses  >&5
conftest.c:46: warning: conflicting types for built-in function 'memset'
configure:5007: $? = 0
configure:5025: result: yes
configure:5186: creating ./config.status

## ---------------------- ##
## Running config.status. ##
## ---------------------- ##

This file was extended by config.status, which was
generated by GNU Autoconf 2.61.  Invocation command line was

  CONFIG_FILES    = 
  CONFIG_HEADERS  = 
  CONFIG_LINKS    = 
  CONFIG_COMMANDS = 
  $ ./config.status 

on hastur

config.status:622: creating Makefile
config.status:813: executing depfiles commands

## ---------------- ##
## Cache variables. ##
## ---------------- ##

ac_cv_c_compiler_gnu=yes
ac_cv_c_const=yes
ac_cv_c_inline=inline
ac_cv_env_CC_set=
ac_cv_env_CC_value=
ac_cv_env_CFLAGS_set=
ac_cv_env_CFLAGS_value=
ac_cv_env_CPPFLAGS_set=
ac_cv_env_CPPFLAGS_value=
ac_cv_env_CPP_set=
ac_cv_env_CPP_value=
ac_cv_env_DEPS_CFLAGS_set=
ac_cv_env_DEPS_CFLAGS_value=
ac_cv_env_DEPS_LIBS_set=
ac_cv_env_DEPS_LIBS_value=
ac_cv_env_LDFLAGS_set=
ac_cv_env_LDFLAGS_value=
ac_cv_env_LIBS_set=
ac_cv_env_LIBS_value=
ac_cv_env_PKG_CONFIG_set=
ac_cv_env_PKG_CONFIG_value=
ac_cv_env_build_alias_set=
ac_cv_env_build_alias_value=
ac_cv_env_host_alias_set=
ac_cv_env_host_alias_value=
ac_cv_env_target_alias_set=
ac_cv_env_target_alias_value=
ac_cv_func_memset=yes
ac_cv_func_strftime=yes
ac_cv_header_inttypes_h=yes
ac_cv_header_memory_h=yes
ac_cv_header_ncurses_h=yes
ac_cv_header_stdc=yes
ac_cv_header_stdint_h=yes
ac_cv_header_stdlib_h=yes
ac_cv_header_string_h=yes
ac_cv_header_strings_h=yes
ac_cv_header_sys_stat_h=yes
ac_cv_header_sys_types_h=yes
ac_cv_header_unistd_h=yes
ac_cv_lib_ncurses_initscr=yes
ac_cv_objext=o
ac_cv_path_EGREP='/bin/grep -E'
ac_cv_path_GREP=/bin/grep
ac_cv_path_ac_pt_PKG_CONFIG=/usr/bin/pkg-config
ac_cv_path_install='/usr/bin/install -c'
ac_cv_path_mkdir=/bin/mkdir
ac_cv_prog_AWK=gawk
ac_cv_prog_CPP='gcc -E'
ac_cv_prog_ac_ct_CC=gcc
ac_cv_prog_cc_c89=
ac_cv_prog_cc_g=yes
ac_cv_prog_make_make_set=yes
ac_cv_struct_tm=time.h
ac_cv_type_size_t=yes
am_cv_CC_dependencies_compiler_type=gcc3
pkg_cv_DEPS_CFLAGS='-I/usr/include/libxml2  '
pkg_cv_DEPS_LIBS='-lxml2  '

## ----------------- ##
## Output variables. ##
## ----------------- ##

ACLOCAL='${SHELL} /home/michael/vt/vtclock/missing --run aclocal-1.10'
AMDEPBACKSLASH='\'
AMDEP_FALSE='#'
AMDEP_TRUE=''
AMTAR='${SHELL} /home/michael/vt/vtclock/missing --run tar'
AUTOCONF='${SHELL} /home/michael/vt/vtclock/missing --run autoconf'
AUTOHEADER='${SHELL} /home/michael/vt/vtclock/missing --run autoheader'
AUTOMAKE='${SHELL} /home/michael/vt/vtclock/missing --run automake-1.10'
AWK='gawk'
CC='gcc'
CCDEPMODE='depmode=gcc3'
CFLAGS='-g -O2'
CPP='gcc -E'
CPPFLAGS=''
CYGPATH_W='echo'
DEFS='-DPACKAGE_NAME=\"\" -DPACKAGE_TARNAME=\"\" -DPACKAGE_VERSION=\"\" -DPACKAGE_STRING=\"\" -DPACKAGE_BUGREPORT=\"\" -DPACKAGE=\"vtclock\" -DVERSION=\"0.0.1\" -DHAVE_LIBNCURSES=1 -DSTDC_HEADERS=1 -DHAVE_SYS_TYPES_H=1 -DHAVE_SYS_STAT_H=1 -DHAVE_STDLIB_H=1 -DHAVE_STRING_H=1 -DHAVE_MEMORY_H=1 -DHAVE_STRINGS_H=1 -DHAVE_INTTYPES_H=1 -DHAVE_STDINT_H=1 -DHAVE_UNISTD_H=1 -DHAVE_NCURSES_H=1 -DHAVE_STRFTIME=1 -DHAVE_MEMSET=1'
DEPDIR='.deps'
DEPS_CFLAGS='-I/usr/include/libxml2  '
DEPS_LIBS='-lxml2  '
ECHO_C=''
ECHO_N='-n'
ECHO_T=''
EGREP='/bin/grep -E'
EXEEXT=''
GREP='/bin/grep'
INSTALL_DATA='${INSTALL} -m 644'
INSTALL_PROGRAM='${INSTALL}'
INSTALL_SCRIPT='${INSTALL}'
INSTALL_STRIP_PROGRAM='$(install_sh) -c -s'
LDFLAGS=''
LIBOBJS=''
LIBS='-lncurses '
LTLIBOBJS=''
MAKEINFO='${SHELL} /home/michael/vt/vtclock/missing --run makeinfo'
NCURSES_LIBS='-lncurses'
OBJEXT='o'
PACKAGE='vtclock'
PACKAGE_BUGREPORT=''
PACKAGE_NAME=''
PACKAGE_STRING=''
PACKAGE_TARNAME=''
PACKAGE_VERSION=''
PATH_SEPARATOR=':'
PKG_CONFIG='/usr/bin/pkg-config'
SET_MAKE=''
SHELL='/bin/sh'
STRIP=''
VERSION='0.0.1'
ac_ct_CC='gcc'
am__fastdepCC_FALSE='#'
am__fastdepCC_TRUE=''
am__include='include'
am__isrc=''
am__leading_dot='.'
am__quote=''
am__tar='${AMTAR} chof - "$$tardir"'
am__untar='${AMTAR} xf -'
bindir='${exec_prefix}/bin'
build_alias=''
datadir='${datarootdir}'
datarootdir='${prefix}/share'
docdir='${datarootdir}/doc/${PACKAGE}'
dvidir='${docdir}'
exec_prefix='${prefix}'
host_alias=''
htmldir='${docdir}'
includedir='${prefix}/include'
infodir='${datarootdir}/info'
install_sh='$(SHELL) /home/michael/vt/vtclock/install-sh'
libdir='${exec_prefix}/lib'
libexecdir='${exec_prefix}/libexec'
localedir='${datarootdir}/locale'
localstatedir='${prefix}/var'
mandir='${datarootdir}/man'
mkdir_p='/bin/mkdir -p'
oldincludedir='/usr/include'
pdfdir='${docdir}'
prefix='/usr/local'
program_transform_name='s,x,x,'
psdir='${docdir}'
sbindir='${exec_prefix}/sbin'
sharedstatedir='${prefix}/com'
sysconfdir='${prefix}/etc'
target_alias=''

## ----------- ##
## confdefs.h. ##
## ----------- ##

#define PACKAGE_NAME ""
#define PACKAGE_TARNAME ""
#define PACKAGE_VERSION ""
#define PACKAGE_STRING ""
#define PACKAGE_BUGREPORT ""
#define PACKAGE "vtclock"
#define VERSION "0.0.1"
#define HAVE_LIBNCURSES 1
#define STDC_HEADERS 1
#define HAVE_SYS_TYPES_H 1
#define HAVE_SYS_STAT_H 1
#define HAVE_STDLIB_H 1
#define HAVE_STRING_H 1
#define HAVE_MEMORY_H 1
#define HAVE_STRINGS_H 1
#define HAVE_INTTYPES_H 1
#define HAVE_STDINT_H 1
#define HAVE_UNISTD_H 1
#define HAVE_NCURSES_H 1
#define HAVE_STRFTIME 1
#define HAVE_MEMSET 1

configure: exit 0
